<?xml version="1.0" encoding="UTF-8"?>
<testsuite xmlns:xsi="http://www.w3.org/2001/XMLSchema-instance" xsi:noNamespaceSchemaLocation="https://maven.apache.org/surefire/maven-surefire-plugin/xsd/surefire-test-report.xsd" version="3.0.2" name="kaique.luan.dev.Modulo40ApplicationTests" time="9.152" tests="1" errors="0" skipped="0" failures="0">
  <properties>
[...]
</properties>
  <testcase name="contextLoads" classname="kaique.luan.dev.Modulo40ApplicationTests" time="0.429">
    <system-out><![CDATA[02:49:48.561 [main] INFO org.springframework.test.context.support.AnnotationConfigContextLoaderUtils -- Could not detect default configuration classes for test class [kaique.luan.dev.Modulo40ApplicationTests]: Modulo40ApplicationTests does not declare any static, non-private, non-final, nested classes annotated with @Configuration.
02:49:48.673 [main] INFO org.springframework.boot.test.context.SpringBootTestContextBootstrapper -- Found @SpringBootConfiguration kaique.luan.dev.Modulo40Application for test class kaique.luan.dev.Modulo40ApplicationTests
02:49:48.867 [main] INFO org.springframework.boot.devtools.restart.RestartApplicationListener -- Restart disabled due to context in which it is running

  .   ____          _            __ _ _
 /\\ / ___'_ __ _ _(_)_ __  __ _ \ \ \ \
( ( )\___ | '_ | '_| | '_ \/ _` | \ \ \ \
 \\/  ___)| |_)| | | | | || (_| |  ) ) ) )
  '  |____| .__|_| |_|_| |_\__, | / / / /
 =========|_|==============|___/=/_/_/_/

 :: Spring Boot ::                (v3.4.3)

2025-03-07T02:49:49.154-03:00  INFO 16812 --- [Modulo_40] [           main] k.luan.dev.Modulo40ApplicationTests      : Starting Modulo40ApplicationTests using Java 17.0.12 with PID 16812 (started by klsp2 in C:\Users\klsp2\OneDrive\Documentos\EBAC\backend\Curso_EBAC_Java\Modulo_40)
2025-03-07T02:49:49.156-03:00  INFO 16812 --- [Modulo_40] [           main] k.luan.dev.Modulo40ApplicationTests      : No active profile set, falling back to 1 default profile: "default"
2025-03-07T02:49:50.120-03:00  INFO 16812 --- [Modulo_40] [           main] .s.d.r.c.RepositoryConfigurationDelegate : Bootstrapping Spring Data JPA repositories in DEFAULT mode.
2025-03-07T02:49:50.185-03:00  INFO 16812 --- [Modulo_40] [           main] .s.d.r.c.RepositoryConfigurationDelegate : Finished Spring Data repository scanning in 54 ms. Found 2 JPA repository interfaces.
2025-03-07T02:49:50.816-03:00  INFO 16812 --- [Modulo_40] [           main] com.zaxxer.hikari.HikariDataSource       : HikariPool-1 - Starting...
2025-03-07T02:49:52.923-03:00  INFO 16812 --- [Modulo_40] [           main] com.zaxxer.hikari.pool.HikariPool        : HikariPool-1 - Added connection org.postgresql.jdbc.PgConnection@266da047
2025-03-07T02:49:52.925-03:00  INFO 16812 --- [Modulo_40] [           main] com.zaxxer.hikari.HikariDataSource       : HikariPool-1 - Start completed.
2025-03-07T02:49:53.010-03:00  INFO 16812 --- [Modulo_40] [           main] o.hibernate.jpa.internal.util.LogHelper  : HHH000204: Processing PersistenceUnitInfo [name: default]
2025-03-07T02:49:53.074-03:00  INFO 16812 --- [Modulo_40] [           main] org.hibernate.Version                    : HHH000412: Hibernate ORM core version 6.6.8.Final
2025-03-07T02:49:53.114-03:00  INFO 16812 --- [Modulo_40] [           main] o.h.c.internal.RegionFactoryInitiator    : HHH000026: Second-level cache disabled
2025-03-07T02:49:53.419-03:00  INFO 16812 --- [Modulo_40] [           main] o.s.o.j.p.SpringPersistenceUnitInfo      : No LoadTimeWeaver setup: ignoring JPA class transformer
2025-03-07T02:49:53.789-03:00  WARN 16812 --- [Modulo_40] [           main] org.hibernate.orm.deprecation            : HHH90000025: PostgreSQLDialect does not need to be specified explicitly using 'hibernate.dialect' (remove the property setting and it will be selected by default)
2025-03-07T02:49:54.101-03:00  INFO 16812 --- [Modulo_40] [           main] org.hibernate.orm.connections.pooling    : HHH10001005: Database info:
	Database JDBC URL [Connecting through datasource 'HikariDataSource (HikariPool-1)']
	Database driver: undefined/unknown
	Database version: 17.4
	Autocommit mode: undefined/unknown
	Isolation level: undefined/unknown
	Minimum pool size: undefined/unknown
	Maximum pool size: undefined/unknown
2025-03-07T02:49:55.015-03:00  INFO 16812 --- [Modulo_40] [           main] o.h.e.t.j.p.i.JtaPlatformInitiator       : HHH000489: No JTA platform available (set 'hibernate.transaction.jta.platform' to enable JTA platform integration)
2025-03-07T02:49:55.018-03:00  INFO 16812 --- [Modulo_40] [           main] j.LocalContainerEntityManagerFactoryBean : Initialized JPA EntityManagerFactory for persistence unit 'default'
2025-03-07T02:49:55.391-03:00  INFO 16812 --- [Modulo_40] [           main] o.s.d.j.r.query.QueryEnhancerFactory     : Hibernate is in classpath; If applicable, HQL parser will be used.
2025-03-07T02:49:55.860-03:00  WARN 16812 --- [Modulo_40] [           main] JpaBaseConfiguration$JpaWebConfiguration : spring.jpa.open-in-view is enabled by default. Therefore, database queries may be performed during view rendering. Explicitly configure spring.jpa.open-in-view to disable this warning
2025-03-07T02:49:55.903-03:00  INFO 16812 --- [Modulo_40] [           main] r$InitializeUserDetailsManagerConfigurer : Global AuthenticationManager configured with UserDetailsService bean with name inMemoryUserDetailsManager
2025-03-07T02:49:56.446-03:00  INFO 16812 --- [Modulo_40] [           main] o.s.b.a.e.web.EndpointLinksResolver      : Exposing 1 endpoint beneath base path '/actuator'
2025-03-07T02:49:57.064-03:00  INFO 16812 --- [Modulo_40] [           main] k.luan.dev.Modulo40ApplicationTests      : Started Modulo40ApplicationTests in 8.211 seconds (process running for 9.194)
]]></system-out>
  </testcase>
</testsuite>